2026-04-16 13:56:26,429 INFO o.a.j.u.JMeterUtils: Setting Locale to en_EN
2026-04-16 13:56:26,438 INFO o.a.j.JMeter: Loading user properties from: /home/devi/Documents/devi-owner/Apps/apache-jmeter-5.4.1/bin/user.properties
2026-04-16 13:56:26,438 INFO o.a.j.JMeter: Loading system properties from: /home/devi/Documents/devi-owner/Apps/apache-jmeter-5.4.1/bin/system.properties
2026-04-16 13:56:26,439 INFO o.a.j.JMeter: Setting System property: jmeter.protocol=https
2026-04-16 13:56:26,439 INFO o.a.j.JMeter: Setting System property: jmeter.serverName=portal.bijib.com
2026-04-16 13:56:26,439 INFO o.a.j.JMeter: Setting System property: jmeter.serverPort=443
2026-04-16 13:56:26,439 INFO o.a.j.JMeter: Setting System property: jmeter.users=1
2026-04-16 13:56:26,439 INFO o.a.j.JMeter: Setting System property: jmeter.duration=1
2026-04-16 13:56:26,439 INFO o.a.j.JMeter: Setting System property: jmeter.startupDelay=1
2026-04-16 13:56:26,439 INFO o.a.j.JMeter: Setting System property: jmeter.rampup=1
2026-04-16 13:56:26,439 INFO o.a.j.JMeter: Setting System property: jmeter.randomDelay=0
2026-04-16 13:56:26,439 INFO o.a.j.JMeter: Setting System property: jmeter.constantDelay=0
2026-04-16 13:56:26,439 INFO o.a.j.JMeter: Setting System property: jmeter.loopCount=1
2026-04-16 13:56:26,439 INFO o.a.j.JMeter: Setting System property: jmeter.dataFile=../data/master-data.csv
2026-04-16 13:56:26,439 INFO o.a.j.JMeter: Setting System property: jmeter.debug=false
2026-04-16 13:56:26,439 INFO o.a.j.JMeter: Setting System property: jmeter.userSessionLoopCount=1
2026-04-16 13:56:26,444 INFO o.a.j.JMeter: Copyright (c) 1998-2021 The Apache Software Foundation
2026-04-16 13:56:26,444 INFO o.a.j.JMeter: Version 5.4.1
2026-04-16 13:56:26,444 INFO o.a.j.JMeter: java.version=1.8.0_482
2026-04-16 13:56:26,445 INFO o.a.j.JMeter: java.vm.name=OpenJDK 64-Bit Server VM
2026-04-16 13:56:26,445 INFO o.a.j.JMeter: os.name=Linux
2026-04-16 13:56:26,445 INFO o.a.j.JMeter: os.arch=amd64
2026-04-16 13:56:26,445 INFO o.a.j.JMeter: os.version=6.17.0-19-generic
2026-04-16 13:56:26,445 INFO o.a.j.JMeter: file.encoding=UTF-8
2026-04-16 13:56:26,445 INFO o.a.j.JMeter: java.awt.headless=null
2026-04-16 13:56:26,445 INFO o.a.j.JMeter: Max memory     =1073741824
2026-04-16 13:56:26,445 INFO o.a.j.JMeter: Available Processors =6
2026-04-16 13:56:26,448 INFO o.a.j.JMeter: Default Locale=English (EN)
2026-04-16 13:56:26,448 INFO o.a.j.JMeter: JMeter  Locale=English (EN)
2026-04-16 13:56:26,448 INFO o.a.j.JMeter: JMeterHome=/home/devi/Documents/devi-owner/Apps/apache-jmeter-5.4.1
2026-04-16 13:56:26,448 INFO o.a.j.JMeter: user.dir  =/home/devi/Documents/devi-owner/jmeter/SSW - invoice -Live /ModPay - Invoice-generation-checking-0021-SK
2026-04-16 13:56:26,448 INFO o.a.j.JMeter: PWD       =/home/devi/Documents/devi-owner/jmeter/SSW - invoice -Live /ModPay - Invoice-generation-checking-0021-SK
2026-04-16 13:56:26,448 INFO o.a.j.JMeter: IP: 127.0.1.1 Name: devi-MS-7C13 FullName: devi-MS-7C13
2026-04-16 13:56:26,539 INFO o.a.j.JMeter: Setting LAF to: laf:javax.swing.plaf.metal.MetalLookAndFeel
2026-04-16 13:56:26,593 INFO o.a.j.JMeter: Loaded icon properties from org/apache/jmeter/images/icon.properties
2026-04-16 13:56:27,528 INFO o.a.j.JMeter: Loading file: scripts/invoice-generation-checking.jmx
2026-04-16 13:56:27,530 INFO o.a.j.s.FileServer: Default base='/home/devi/Documents/devi-owner/jmeter/SSW - invoice -Live /ModPay - Invoice-generation-checking-0021-SK'
2026-04-16 13:56:27,531 INFO o.a.j.s.FileServer: Set new base='/home/devi/Documents/devi-owner/jmeter/SSW - invoice -Live /ModPay - Invoice-generation-checking-0021-SK/scripts'
2026-04-16 13:56:27,632 INFO o.a.j.s.SaveService: Testplan (JMX) version: 2.2. Testlog (JTL) version: 2.2
2026-04-16 13:56:27,648 INFO o.a.j.s.SaveService: Using SaveService properties file encoding UTF-8
2026-04-16 13:56:27,649 INFO o.a.j.s.SaveService: Using SaveService properties version 5.0
2026-04-16 13:56:27,652 INFO o.a.j.s.SaveService: Loading file: scripts/invoice-generation-checking.jmx
2026-04-16 13:56:27,829 INFO o.a.j.p.h.s.HTTPSamplerBase: Parser for text/html is org.apache.jmeter.protocol.http.parser.LagartoBasedHtmlParser
2026-04-16 13:56:27,829 INFO o.a.j.p.h.s.HTTPSamplerBase: Parser for application/xhtml+xml is org.apache.jmeter.protocol.http.parser.LagartoBasedHtmlParser
2026-04-16 13:56:27,829 INFO o.a.j.p.h.s.HTTPSamplerBase: Parser for application/xml is org.apache.jmeter.protocol.http.parser.LagartoBasedHtmlParser
2026-04-16 13:56:27,829 INFO o.a.j.p.h.s.HTTPSamplerBase: Parser for text/xml is org.apache.jmeter.protocol.http.parser.LagartoBasedHtmlParser
2026-04-16 13:56:27,829 INFO o.a.j.p.h.s.HTTPSamplerBase: Parser for text/vnd.wap.wml is org.apache.jmeter.protocol.http.parser.RegexpHTMLParser
2026-04-16 13:56:27,829 INFO o.a.j.p.h.s.HTTPSamplerBase: Parser for text/css is org.apache.jmeter.protocol.http.parser.CssParser
2026-04-16 13:56:27,895 INFO o.a.j.s.FileServer: Set new base='/home/devi/Documents/devi-owner/jmeter/SSW - invoice -Live /ModPay - Invoice-generation-checking-0021-SK/scripts'
2026-04-16 13:56:28,388 INFO o.a.j.s.SampleResult: Note: Sample TimeStamps are START times
2026-04-16 13:56:28,388 INFO o.a.j.s.SampleResult: sampleresult.default.encoding is set to ISO-8859-1
2026-04-16 13:56:28,389 INFO o.a.j.s.SampleResult: sampleresult.useNanoTime=true
2026-04-16 13:56:28,389 INFO o.a.j.s.SampleResult: sampleresult.nanoThreadSleep=5000
2026-04-16 13:56:28,520 INFO o.a.j.v.ViewResultsFullVisualizer: Add JavaFX to your Java installation if you want to use renderer: org.apache.jmeter.visualizers.RenderInBrowser
2026-04-16 15:40:00,462 ERROR o.a.j.g.a.Save: Error saving tree.
java.io.FileNotFoundException: /home/devi/Documents/devi-owner/jmeter/SSW - invoice -Live /ModPay - Invoice-generation-checking-0021-SK/scripts/invoice-generation-checking.jmx (No such file or directory)
	at java.io.FileOutputStream.open0(Native Method) ~[?:1.8.0_482]
	at java.io.FileOutputStream.open(FileOutputStream.java:270) ~[?:1.8.0_482]
	at java.io.FileOutputStream.<init>(FileOutputStream.java:213) ~[?:1.8.0_482]
	at java.io.FileOutputStream.<init>(FileOutputStream.java:101) ~[?:1.8.0_482]
	at org.apache.jmeter.gui.action.Save.backupAndSave(Save.java:258) ~[ApacheJMeter_core.jar:5.4.1]
	at org.apache.jmeter.gui.action.Save.doAction(Save.java:173) ~[ApacheJMeter_core.jar:5.4.1]
	at org.apache.jmeter.gui.action.ActionRouter.performAction(ActionRouter.java:87) ~[ApacheJMeter_core.jar:5.4.1]
	at org.apache.jmeter.gui.action.ActionRouter.doActionNow(ActionRouter.java:124) ~[ApacheJMeter_core.jar:5.4.1]
	at org.apache.jmeter.gui.action.ExitCommand.doActionAfterCheck(ExitCommand.java:71) ~[ApacheJMeter_core.jar:5.4.1]
	at org.apache.jmeter.gui.action.AbstractActionWithNoRunningTest.doAction(AbstractActionWithNoRunningTest.java:44) ~[ApacheJMeter_core.jar:5.4.1]
	at org.apache.jmeter.gui.action.ActionRouter.performAction(ActionRouter.java:87) ~[ApacheJMeter_core.jar:5.4.1]
	at org.apache.jmeter.gui.action.ActionRouter.lambda$actionPerformed$0(ActionRouter.java:69) ~[ApacheJMeter_core.jar:5.4.1]
	at java.awt.event.InvocationEvent.dispatch(InvocationEvent.java:311) [?:1.8.0_482]
	at java.awt.EventQueue.dispatchEventImpl(EventQueue.java:758) [?:1.8.0_482]
	at java.awt.EventQueue.access$500(EventQueue.java:97) [?:1.8.0_482]
	at java.awt.EventQueue$3.run(EventQueue.java:709) [?:1.8.0_482]
	at java.awt.EventQueue$3.run(EventQueue.java:703) [?:1.8.0_482]
	at java.security.AccessController.doPrivileged(Native Method) ~[?:1.8.0_482]
	at java.security.ProtectionDomain$JavaSecurityAccessImpl.doIntersectionPrivilege(ProtectionDomain.java:74) [?:1.8.0_482]
	at java.awt.EventQueue.dispatchEvent(EventQueue.java:728) [?:1.8.0_482]
	at org.GNOME.Accessibility.AtkWrapper$6.dispatchEvent(AtkWrapper.java:717) [java-atk-wrapper.jar:?]
	at java.awt.EventDispatchThread.pumpOneEventForFilters(EventDispatchThread.java:205) [?:1.8.0_482]
	at java.awt.EventDispatchThread.pumpEventsForFilter(EventDispatchThread.java:116) [?:1.8.0_482]
	at java.awt.EventDispatchThread.pumpEventsForHierarchy(EventDispatchThread.java:105) [?:1.8.0_482]
	at java.awt.EventDispatchThread.pumpEvents(EventDispatchThread.java:101) [?:1.8.0_482]
	at java.awt.EventDispatchThread.pumpEvents(EventDispatchThread.java:93) [?:1.8.0_482]
	at java.awt.EventDispatchThread.run(EventDispatchThread.java:82) [?:1.8.0_482]
2026-04-16 15:40:00,477 ERROR o.a.j.u.JMeterUtils: Couldn't save test plan to file: /home/devi/Documents/devi-owner/jmeter/SSW - invoice -Live /ModPay - Invoice-generation-checking-0021-SK/scripts/invoice-generation-checking.jmx
/home/devi/Documents/devi-owner/jmeter/SSW - invoice -Live /ModPay - Invoice-generation-checking-0021-SK/scripts/invoice-generation-checking.jmx (No such file or directory)
