2026-04-16 18:08:13,902 INFO o.a.j.u.JMeterUtils: Setting Locale to en_EN
2026-04-16 18:08:13,916 INFO o.a.j.JMeter: Loading user properties from: /home/devi/Documents/devi-owner/Apps/apache-jmeter-5.4.1/bin/user.properties
2026-04-16 18:08:13,916 INFO o.a.j.JMeter: Loading system properties from: /home/devi/Documents/devi-owner/Apps/apache-jmeter-5.4.1/bin/system.properties
2026-04-16 18:08:13,917 INFO o.a.j.JMeter: Setting System property: jmeter.protocol=https
2026-04-16 18:08:13,917 INFO o.a.j.JMeter: Setting System property: jmeter.serverName=portal.bijib.com
2026-04-16 18:08:13,917 INFO o.a.j.JMeter: Setting System property: jmeter.serverPort=443
2026-04-16 18:08:13,917 INFO o.a.j.JMeter: Setting System property: jmeter.users=1
2026-04-16 18:08:13,917 INFO o.a.j.JMeter: Setting System property: jmeter.duration=1
2026-04-16 18:08:13,917 INFO o.a.j.JMeter: Setting System property: jmeter.startupDelay=1
2026-04-16 18:08:13,917 INFO o.a.j.JMeter: Setting System property: jmeter.rampup=1
2026-04-16 18:08:13,917 INFO o.a.j.JMeter: Setting System property: jmeter.randomDelay=0
2026-04-16 18:08:13,917 INFO o.a.j.JMeter: Setting System property: jmeter.constantDelay=0
2026-04-16 18:08:13,917 INFO o.a.j.JMeter: Setting System property: jmeter.loopCount=1
2026-04-16 18:08:13,917 INFO o.a.j.JMeter: Setting System property: jmeter.dataFile=../data/master-data.csv
2026-04-16 18:08:13,917 INFO o.a.j.JMeter: Setting System property: jmeter.debug=false
2026-04-16 18:08:13,917 INFO o.a.j.JMeter: Setting System property: jmeter.userSessionLoopCount=1
2026-04-16 18:08:13,923 INFO o.a.j.JMeter: Copyright (c) 1998-2021 The Apache Software Foundation
2026-04-16 18:08:13,923 INFO o.a.j.JMeter: Version 5.4.1
2026-04-16 18:08:13,923 INFO o.a.j.JMeter: java.version=1.8.0_482
2026-04-16 18:08:13,923 INFO o.a.j.JMeter: java.vm.name=OpenJDK 64-Bit Server VM
2026-04-16 18:08:13,923 INFO o.a.j.JMeter: os.name=Linux
2026-04-16 18:08:13,923 INFO o.a.j.JMeter: os.arch=amd64
2026-04-16 18:08:13,923 INFO o.a.j.JMeter: os.version=6.17.0-19-generic
2026-04-16 18:08:13,923 INFO o.a.j.JMeter: file.encoding=UTF-8
2026-04-16 18:08:13,923 INFO o.a.j.JMeter: java.awt.headless=null
2026-04-16 18:08:13,923 INFO o.a.j.JMeter: Max memory     =1073741824
2026-04-16 18:08:13,923 INFO o.a.j.JMeter: Available Processors =6
2026-04-16 18:08:13,929 INFO o.a.j.JMeter: Default Locale=English (EN)
2026-04-16 18:08:13,930 INFO o.a.j.JMeter: JMeter  Locale=English (EN)
2026-04-16 18:08:13,930 INFO o.a.j.JMeter: JMeterHome=/home/devi/Documents/devi-owner/Apps/apache-jmeter-5.4.1
2026-04-16 18:08:13,930 INFO o.a.j.JMeter: user.dir  =/home/devi/Documents/devi-owner/jmeter/cmo-invoice-automation/Nepean - invoice -Live 
2026-04-16 18:08:13,930 INFO o.a.j.JMeter: PWD       =/home/devi/Documents/devi-owner/jmeter/cmo-invoice-automation/Nepean - invoice -Live 
2026-04-16 18:08:13,930 INFO o.a.j.JMeter: IP: 127.0.1.1 Name: devi-MS-7C13 FullName: devi-MS-7C13
2026-04-16 18:08:14,076 INFO o.a.j.JMeter: Setting LAF to: laf:javax.swing.plaf.metal.MetalLookAndFeel
2026-04-16 18:08:14,153 INFO o.a.j.JMeter: Loaded icon properties from org/apache/jmeter/images/icon.properties
2026-04-16 18:08:15,325 INFO o.a.j.JMeter: Loading file: scripts/nepean-invoice-generation-checking.jmx
2026-04-16 18:08:15,327 INFO o.a.j.s.FileServer: Default base='/home/devi/Documents/devi-owner/jmeter/cmo-invoice-automation/Nepean - invoice -Live '
2026-04-16 18:08:15,328 INFO o.a.j.s.FileServer: Set new base='/home/devi/Documents/devi-owner/jmeter/cmo-invoice-automation/Nepean - invoice -Live /scripts'
2026-04-16 18:08:15,485 INFO o.a.j.s.SaveService: Testplan (JMX) version: 2.2. Testlog (JTL) version: 2.2
2026-04-16 18:08:15,500 INFO o.a.j.s.SaveService: Using SaveService properties file encoding UTF-8
2026-04-16 18:08:15,501 INFO o.a.j.s.SaveService: Using SaveService properties version 5.0
2026-04-16 18:08:15,503 INFO o.a.j.s.SaveService: Loading file: scripts/nepean-invoice-generation-checking.jmx
2026-04-16 18:08:15,693 INFO o.a.j.p.h.s.HTTPSamplerBase: Parser for text/html is org.apache.jmeter.protocol.http.parser.LagartoBasedHtmlParser
2026-04-16 18:08:15,693 INFO o.a.j.p.h.s.HTTPSamplerBase: Parser for application/xhtml+xml is org.apache.jmeter.protocol.http.parser.LagartoBasedHtmlParser
2026-04-16 18:08:15,693 INFO o.a.j.p.h.s.HTTPSamplerBase: Parser for application/xml is org.apache.jmeter.protocol.http.parser.LagartoBasedHtmlParser
2026-04-16 18:08:15,693 INFO o.a.j.p.h.s.HTTPSamplerBase: Parser for text/xml is org.apache.jmeter.protocol.http.parser.LagartoBasedHtmlParser
2026-04-16 18:08:15,693 INFO o.a.j.p.h.s.HTTPSamplerBase: Parser for text/vnd.wap.wml is org.apache.jmeter.protocol.http.parser.RegexpHTMLParser
2026-04-16 18:08:15,693 INFO o.a.j.p.h.s.HTTPSamplerBase: Parser for text/css is org.apache.jmeter.protocol.http.parser.CssParser
2026-04-16 18:08:15,758 INFO o.a.j.s.FileServer: Set new base='/home/devi/Documents/devi-owner/jmeter/cmo-invoice-automation/Nepean - invoice -Live /scripts'
2026-04-16 18:08:16,278 INFO o.a.j.s.SampleResult: Note: Sample TimeStamps are START times
2026-04-16 18:08:16,278 INFO o.a.j.s.SampleResult: sampleresult.default.encoding is set to ISO-8859-1
2026-04-16 18:08:16,278 INFO o.a.j.s.SampleResult: sampleresult.useNanoTime=true
2026-04-16 18:08:16,279 INFO o.a.j.s.SampleResult: sampleresult.nanoThreadSleep=5000
2026-04-16 18:08:16,394 INFO o.a.j.v.ViewResultsFullVisualizer: Add JavaFX to your Java installation if you want to use renderer: org.apache.jmeter.visualizers.RenderInBrowser
2026-04-16 18:21:04,057 INFO o.a.j.e.StandardJMeterEngine: Running the test!
2026-04-16 18:21:04,058 INFO o.a.j.s.SampleEvent: List of sample_variables: []
2026-04-16 18:21:04,058 INFO o.a.j.s.SampleEvent: List of sample_variables: []
2026-04-16 18:21:04,058 INFO o.a.j.e.u.CompoundVariable: Note: Function class names must contain the string: '.functions.'
2026-04-16 18:21:04,059 INFO o.a.j.e.u.CompoundVariable: Note: Function class names must not contain the string: '.gui.'
2026-04-16 18:21:04,088 INFO o.a.j.g.u.JMeterMenuBar: setRunning(true, *local*)
2026-04-16 18:21:04,257 INFO o.a.j.e.StandardJMeterEngine: Starting ThreadGroup: 1 : [TG] INVOICE - MASTER
2026-04-16 18:21:04,257 INFO o.a.j.e.StandardJMeterEngine: Starting 1 threads for group [TG] INVOICE - MASTER.
2026-04-16 18:21:04,257 INFO o.a.j.e.StandardJMeterEngine: Thread will continue on error
2026-04-16 18:21:04,257 INFO o.a.j.t.ThreadGroup: Starting thread group... number=1 threads=1 ramp-up=1 delayedStart=false
2026-04-16 18:21:04,266 INFO o.a.j.t.ThreadGroup: Started thread group number 1
2026-04-16 18:21:04,266 INFO o.a.j.e.StandardJMeterEngine: All thread groups have been started
2026-04-16 18:21:04,269 INFO o.a.j.t.JMeterThread: Thread started: [TG] INVOICE - MASTER 1-1
2026-04-16 18:21:04,270 INFO o.a.j.s.FileServer: Stored: data/master-data.csv
2026-04-16 18:21:04,271 ERROR o.a.j.t.JMeterThread: Test failed!
java.lang.IllegalArgumentException: Could not read file header line for file data/master-data.csv
	at org.apache.jmeter.services.FileServer.reserveFile(FileServer.java:283) ~[ApacheJMeter_core.jar:5.4.1]
	at org.apache.jmeter.config.CSVDataSet.initVars(CSVDataSet.java:208) ~[ApacheJMeter_components.jar:5.4.1]
	at org.apache.jmeter.config.CSVDataSet.iterationStart(CSVDataSet.java:171) ~[ApacheJMeter_components.jar:5.4.1]
	at org.apache.jmeter.control.GenericController.fireIterationStart(GenericController.java:399) ~[ApacheJMeter_core.jar:5.4.1]
	at org.apache.jmeter.control.GenericController.fireIterEvents(GenericController.java:391) ~[ApacheJMeter_core.jar:5.4.1]
	at org.apache.jmeter.control.GenericController.next(GenericController.java:160) ~[ApacheJMeter_core.jar:5.4.1]
	at org.apache.jmeter.control.LoopController.next(LoopController.java:134) ~[ApacheJMeter_core.jar:5.4.1]
	at org.apache.jmeter.threads.AbstractThreadGroup.next(AbstractThreadGroup.java:91) ~[ApacheJMeter_core.jar:5.4.1]
	at org.apache.jmeter.threads.JMeterThread.run(JMeterThread.java:254) [ApacheJMeter_core.jar:5.4.1]
	at java.lang.Thread.run(Thread.java:750) [?:1.8.0_482]
Caused by: java.lang.IllegalArgumentException: File master-data.csv must exist and be readable
	at org.apache.jmeter.services.FileServer.createBufferedReader(FileServer.java:424) ~[ApacheJMeter_core.jar:5.4.1]
	at org.apache.jmeter.services.FileServer.readLine(FileServer.java:340) ~[ApacheJMeter_core.jar:5.4.1]
	at org.apache.jmeter.services.FileServer.readLine(FileServer.java:324) ~[ApacheJMeter_core.jar:5.4.1]
	at org.apache.jmeter.services.FileServer.reserveFile(FileServer.java:272) ~[ApacheJMeter_core.jar:5.4.1]
	... 9 more
2026-04-16 18:21:04,274 INFO o.a.j.t.JMeterThread: Thread finished: [TG] INVOICE - MASTER 1-1
2026-04-16 18:21:04,274 INFO o.a.j.e.StandardJMeterEngine: Notifying test listeners of end of test
2026-04-16 18:21:04,275 INFO o.a.j.g.u.JMeterMenuBar: setRunning(false, *local*)
