2026-03-30 17:43:18,303 INFO o.a.j.u.JMeterUtils: Setting Locale to en_EN
2026-03-30 17:43:18,312 INFO o.a.j.JMeter: Loading user properties from: /home/devi/Documents/devi-owner/Apps/apache-jmeter-5.4.1/bin/user.properties
2026-03-30 17:43:18,313 INFO o.a.j.JMeter: Loading system properties from: /home/devi/Documents/devi-owner/Apps/apache-jmeter-5.4.1/bin/system.properties
2026-03-30 17:43:18,313 INFO o.a.j.JMeter: Setting System property: jmeter.protocol=https
2026-03-30 17:43:18,313 INFO o.a.j.JMeter: Setting System property: jmeter.serverName=portal.bijib.com
2026-03-30 17:43:18,313 INFO o.a.j.JMeter: Setting System property: jmeter.serverPort=443
2026-03-30 17:43:18,313 INFO o.a.j.JMeter: Setting System property: jmeter.users=1
2026-03-30 17:43:18,313 INFO o.a.j.JMeter: Setting System property: jmeter.duration=1
2026-03-30 17:43:18,313 INFO o.a.j.JMeter: Setting System property: jmeter.startupDelay=1
2026-03-30 17:43:18,313 INFO o.a.j.JMeter: Setting System property: jmeter.rampup=1
2026-03-30 17:43:18,313 INFO o.a.j.JMeter: Setting System property: jmeter.randomDelay=0
2026-03-30 17:43:18,313 INFO o.a.j.JMeter: Setting System property: jmeter.constantDelay=0
2026-03-30 17:43:18,313 INFO o.a.j.JMeter: Setting System property: jmeter.loopCount=1
2026-03-30 17:43:18,313 INFO o.a.j.JMeter: Setting System property: jmeter.dataFile=../data/master-data.csv
2026-03-30 17:43:18,313 INFO o.a.j.JMeter: Setting System property: jmeter.debug=false
2026-03-30 17:43:18,313 INFO o.a.j.JMeter: Setting System property: jmeter.userSessionLoopCount=1
2026-03-30 17:43:18,319 INFO o.a.j.JMeter: Copyright (c) 1998-2021 The Apache Software Foundation
2026-03-30 17:43:18,319 INFO o.a.j.JMeter: Version 5.4.1
2026-03-30 17:43:18,319 INFO o.a.j.JMeter: java.version=1.8.0_482
2026-03-30 17:43:18,319 INFO o.a.j.JMeter: java.vm.name=OpenJDK 64-Bit Server VM
2026-03-30 17:43:18,319 INFO o.a.j.JMeter: os.name=Linux
2026-03-30 17:43:18,319 INFO o.a.j.JMeter: os.arch=amd64
2026-03-30 17:43:18,319 INFO o.a.j.JMeter: os.version=6.17.0-19-generic
2026-03-30 17:43:18,319 INFO o.a.j.JMeter: file.encoding=UTF-8
2026-03-30 17:43:18,319 INFO o.a.j.JMeter: java.awt.headless=null
2026-03-30 17:43:18,319 INFO o.a.j.JMeter: Max memory     =1073741824
2026-03-30 17:43:18,319 INFO o.a.j.JMeter: Available Processors =6
2026-03-30 17:43:18,322 INFO o.a.j.JMeter: Default Locale=English (EN)
2026-03-30 17:43:18,322 INFO o.a.j.JMeter: JMeter  Locale=English (EN)
2026-03-30 17:43:18,322 INFO o.a.j.JMeter: JMeterHome=/home/devi/Documents/devi-owner/Apps/apache-jmeter-5.4.1
2026-03-30 17:43:18,323 INFO o.a.j.JMeter: user.dir  =/home/devi/Documents/devi-owner/jmeter/Waratah PVT Hospital - invoice -Live/ModPay - Invoice-generation-checking-0021-SK
2026-03-30 17:43:18,323 INFO o.a.j.JMeter: PWD       =/home/devi/Documents/devi-owner/jmeter/Waratah PVT Hospital - invoice -Live/ModPay - Invoice-generation-checking-0021-SK
2026-03-30 17:43:18,323 INFO o.a.j.JMeter: IP: 127.0.1.1 Name: devi-MS-7C13 FullName: devi-MS-7C13
2026-03-30 17:43:18,414 INFO o.a.j.JMeter: Setting LAF to: laf:javax.swing.plaf.metal.MetalLookAndFeel
2026-03-30 17:43:18,468 INFO o.a.j.JMeter: Loaded icon properties from org/apache/jmeter/images/icon.properties
2026-03-30 17:43:19,439 INFO o.a.j.JMeter: Loading file: scripts/invoice-generation-checking.jmx
2026-03-30 17:43:19,441 INFO o.a.j.s.FileServer: Default base='/home/devi/Documents/devi-owner/jmeter/Waratah PVT Hospital - invoice -Live/ModPay - Invoice-generation-checking-0021-SK'
2026-03-30 17:43:19,442 INFO o.a.j.s.FileServer: Set new base='/home/devi/Documents/devi-owner/jmeter/Waratah PVT Hospital - invoice -Live/ModPay - Invoice-generation-checking-0021-SK/scripts'
2026-03-30 17:43:19,555 INFO o.a.j.s.SaveService: Testplan (JMX) version: 2.2. Testlog (JTL) version: 2.2
2026-03-30 17:43:19,570 INFO o.a.j.s.SaveService: Using SaveService properties file encoding UTF-8
2026-03-30 17:43:19,571 INFO o.a.j.s.SaveService: Using SaveService properties version 5.0
2026-03-30 17:43:19,573 INFO o.a.j.s.SaveService: Loading file: scripts/invoice-generation-checking.jmx
2026-03-30 17:43:19,752 INFO o.a.j.p.h.s.HTTPSamplerBase: Parser for text/html is org.apache.jmeter.protocol.http.parser.LagartoBasedHtmlParser
2026-03-30 17:43:19,753 INFO o.a.j.p.h.s.HTTPSamplerBase: Parser for application/xhtml+xml is org.apache.jmeter.protocol.http.parser.LagartoBasedHtmlParser
2026-03-30 17:43:19,753 INFO o.a.j.p.h.s.HTTPSamplerBase: Parser for application/xml is org.apache.jmeter.protocol.http.parser.LagartoBasedHtmlParser
2026-03-30 17:43:19,753 INFO o.a.j.p.h.s.HTTPSamplerBase: Parser for text/xml is org.apache.jmeter.protocol.http.parser.LagartoBasedHtmlParser
2026-03-30 17:43:19,753 INFO o.a.j.p.h.s.HTTPSamplerBase: Parser for text/vnd.wap.wml is org.apache.jmeter.protocol.http.parser.RegexpHTMLParser
2026-03-30 17:43:19,753 INFO o.a.j.p.h.s.HTTPSamplerBase: Parser for text/css is org.apache.jmeter.protocol.http.parser.CssParser
2026-03-30 17:43:19,819 INFO o.a.j.s.FileServer: Set new base='/home/devi/Documents/devi-owner/jmeter/Waratah PVT Hospital - invoice -Live/ModPay - Invoice-generation-checking-0021-SK/scripts'
2026-03-30 17:43:20,357 INFO o.a.j.s.SampleResult: Note: Sample TimeStamps are START times
2026-03-30 17:43:20,357 INFO o.a.j.s.SampleResult: sampleresult.default.encoding is set to ISO-8859-1
2026-03-30 17:43:20,357 INFO o.a.j.s.SampleResult: sampleresult.useNanoTime=true
2026-03-30 17:43:20,357 INFO o.a.j.s.SampleResult: sampleresult.nanoThreadSleep=5000
2026-03-30 17:43:20,475 INFO o.a.j.v.ViewResultsFullVisualizer: Add JavaFX to your Java installation if you want to use renderer: org.apache.jmeter.visualizers.RenderInBrowser
